app/build/intermediates/manifest_merge_blame_file/debug/processDebugMainManifest/manifest-merger-blame-debug-report.txt
1<?xml version="1.0" encoding="utf-8"?>
2<manifest xmlns:android="http://schemas.android.com/apk/res/android"
3    package="rbx.rbxcalculator.calctool.app.robox"
4    android:versionCode="1"
5    android:versionName="1.0" >
6
7    <uses-sdk
8        android:minSdkVersion="24"
9        android:targetSdkVersion="36" />
10
11    <uses-permission android:name="android.permission.INTERNET" />
11-->src\main\AndroidManifest.xml:5:5-67
11-->src\main\AndroidManifest.xml:5:22-64
12    <uses-permission android:name="android.permission.ACCESS_NETWORK_STATE" />
12-->src\main\AndroidManifest.xml:6:5-79
12-->src\main\AndroidManifest.xml:6:22-76
13    <uses-permission android:name="android.permission.POST_NOTIFICATIONS" />
13-->src\main\AndroidManifest.xml:7:5-77
13-->src\main\AndroidManifest.xml:7:22-74
14    <uses-permission android:name="android.permission.WAKE_LOCK" />
14-->src\main\AndroidManifest.xml:8:5-68
14-->src\main\AndroidManifest.xml:8:22-65
15    <uses-permission android:name="android.permission.VIBRATE" />
15-->src\main\AndroidManifest.xml:9:5-66
15-->src\main\AndroidManifest.xml:9:22-63
16    <uses-permission android:name="android.permission.READ_PHONE_STATE" />
16-->src\main\AndroidManifest.xml:10:5-75
16-->src\main\AndroidManifest.xml:10:22-72
17    <uses-permission android:name="android.permission.SYSTEM_ALERT_WINDOW" />
17-->src\main\AndroidManifest.xml:11:5-78
17-->src\main\AndroidManifest.xml:11:22-75
18    <uses-permission android:name="android.permission.FOREGROUND_SERVICE" />
18-->src\main\AndroidManifest.xml:12:5-77
18-->src\main\AndroidManifest.xml:12:22-74
19
20    <queries>
20-->src\main\AndroidManifest.xml:14:5-20:15
21        <intent>
21-->src\main\AndroidManifest.xml:15:9-19:18
22            <action android:name="android.intent.action.VIEW" />
22-->src\main\AndroidManifest.xml:16:13-65
22-->src\main\AndroidManifest.xml:16:21-62
23
24            <category android:name="android.intent.category.BROWSABLE" />
24-->src\main\AndroidManifest.xml:17:13-74
24-->src\main\AndroidManifest.xml:17:23-71
25
26            <data android:scheme="https" />
26-->src\main\AndroidManifest.xml:18:13-44
26-->src\main\AndroidManifest.xml:18:19-41
27        </intent>
28        <!-- End of browser content -->
29        <!-- For CustomTabsService -->
30        <intent>
30-->[com.google.android.gms:play-services-ads-lite:23.3.0] AndroidManifest.xml:47:9-49:18
31            <action android:name="android.support.customtabs.action.CustomTabsService" />
31-->[com.google.android.gms:play-services-ads-lite:23.3.0] AndroidManifest.xml:48:13-90
31-->[com.google.android.gms:play-services-ads-lite:23.3.0] AndroidManifest.xml:48:21-87
32        </intent>
33    </queries>
34    <!-- Required by older versions of Google Play services to create IID tokens -->
35    <uses-permission android:name="com.google.android.c2dm.permission.RECEIVE" />
35-->[com.google.firebase:firebase-messaging:24.0.2] AndroidManifest.xml:26:5-82
35-->[com.google.firebase:firebase-messaging:24.0.2] AndroidManifest.xml:26:22-79
36    <uses-permission android:name="com.google.android.gms.permission.AD_ID" />
36-->[com.google.android.gms:play-services-ads-lite:23.3.0] AndroidManifest.xml:26:5-79
36-->[com.google.android.gms:play-services-ads-lite:23.3.0] AndroidManifest.xml:26:22-76
37    <uses-permission android:name="android.permission.ACCESS_ADSERVICES_AD_ID" />
37-->[com.google.android.gms:play-services-ads-lite:23.3.0] AndroidManifest.xml:27:5-82
37-->[com.google.android.gms:play-services-ads-lite:23.3.0] AndroidManifest.xml:27:22-79
38    <uses-permission android:name="android.permission.ACCESS_ADSERVICES_ATTRIBUTION" />
38-->[com.google.android.gms:play-services-ads-lite:23.3.0] AndroidManifest.xml:28:5-88
38-->[com.google.android.gms:play-services-ads-lite:23.3.0] AndroidManifest.xml:28:22-85
39    <uses-permission android:name="android.permission.ACCESS_ADSERVICES_TOPICS" />
39-->[com.google.android.gms:play-services-ads-lite:23.3.0] AndroidManifest.xml:29:5-83
39-->[com.google.android.gms:play-services-ads-lite:23.3.0] AndroidManifest.xml:29:22-80
40    <uses-permission android:name="com.google.android.finsky.permission.BIND_GET_INSTALL_REFERRER_SERVICE" />
40-->[com.google.android.gms:play-services-measurement:22.1.2] AndroidManifest.xml:26:5-110
40-->[com.google.android.gms:play-services-measurement:22.1.2] AndroidManifest.xml:26:22-107
41
42    <permission
42-->[androidx.core:core:1.13.1] AndroidManifest.xml:22:5-24:47
43        android:name="rbx.rbxcalculator.calctool.app.robox.DYNAMIC_RECEIVER_NOT_EXPORTED_PERMISSION"
43-->[androidx.core:core:1.13.1] AndroidManifest.xml:23:9-81
44        android:protectionLevel="signature" />
44-->[androidx.core:core:1.13.1] AndroidManifest.xml:24:9-44
45
46    <uses-permission android:name="rbx.rbxcalculator.calctool.app.robox.DYNAMIC_RECEIVER_NOT_EXPORTED_PERMISSION" />
46-->[androidx.core:core:1.13.1] AndroidManifest.xml:26:5-97
46-->[androidx.core:core:1.13.1] AndroidManifest.xml:26:22-94
47
48    <application
48-->src\main\AndroidManifest.xml:22:5-116:19
49        android:name="rbx.rbxcalculator.calctool.app.robox.helpers.MyApp"
49-->src\main\AndroidManifest.xml:23:9-38
50        android:allowBackup="true"
50-->src\main\AndroidManifest.xml:24:9-35
51        android:appComponentFactory="androidx.core.app.CoreComponentFactory"
51-->[androidx.core:core:1.13.1] AndroidManifest.xml:28:18-86
52        android:debuggable="true"
53        android:extractNativeLibs="false"
54        android:icon="@mipmap/ic_launcher"
54-->src\main\AndroidManifest.xml:25:9-43
55        android:label="RbxCalculator"
55-->src\main\AndroidManifest.xml:27:9-38
56        android:roundIcon="@mipmap/ic_launcher_round"
56-->src\main\AndroidManifest.xml:26:9-54
57        android:supportsRtl="true"
57-->src\main\AndroidManifest.xml:28:9-35
58        android:testOnly="true"
59        android:theme="@style/Theme.RbxCalculatorRoboxCounter"
59-->src\main\AndroidManifest.xml:29:9-63
60        android:usesCleartextTraffic="true" >
60-->src\main\AndroidManifest.xml:30:9-44
61
62        <!-- Launcher -->
63        <activity
63-->src\main\AndroidManifest.xml:33:9-41:20
64            android:name="rbx.rbxcalculator.calctool.app.robox.SplashActivity"
64-->src\main\AndroidManifest.xml:34:13-43
65            android:exported="true"
65-->src\main\AndroidManifest.xml:35:13-36
66            android:screenOrientation="portrait" >
66-->src\main\AndroidManifest.xml:36:13-49
67            <intent-filter>
67-->src\main\AndroidManifest.xml:37:13-40:29
68                <action android:name="android.intent.action.MAIN" />
68-->src\main\AndroidManifest.xml:38:17-69
68-->src\main\AndroidManifest.xml:38:25-66
69
70                <category android:name="android.intent.category.LAUNCHER" />
70-->src\main\AndroidManifest.xml:39:17-77
70-->src\main\AndroidManifest.xml:39:27-74
71            </intent-filter>
72        </activity>
73
74        <!-- Core screens -->
75        <activity
75-->src\main\AndroidManifest.xml:44:9-123
76            android:name="rbx.rbxcalculator.calctool.app.robox.ActivityStart"
76-->src\main\AndroidManifest.xml:44:19-48
77            android:exported="false"
77-->src\main\AndroidManifest.xml:44:59-83
78            android:screenOrientation="portrait" />
78-->src\main\AndroidManifest.xml:44:84-120
79        <activity
79-->src\main\AndroidManifest.xml:45:9-123
80            android:name="rbx.rbxcalculator.calctool.app.robox.MainActivity"
80-->src\main\AndroidManifest.xml:45:19-47
81            android:exported="false"
81-->src\main\AndroidManifest.xml:45:59-83
82            android:screenOrientation="portrait" />
82-->src\main\AndroidManifest.xml:45:84-120
83        <activity
83-->src\main\AndroidManifest.xml:46:9-124
84            android:name="rbx.rbxcalculator.calctool.app.robox.AllRbxCalculatorActivity"
84-->src\main\AndroidManifest.xml:46:19-59
85            android:exported="false"
85-->src\main\AndroidManifest.xml:46:60-84
86            android:screenOrientation="portrait" />
86-->src\main\AndroidManifest.xml:46:85-121
87        <activity
87-->src\main\AndroidManifest.xml:47:9-123
88            android:name="rbx.rbxcalculator.calctool.app.robox.SettingActivity"
88-->src\main\AndroidManifest.xml:47:19-50
89            android:exported="false"
89-->src\main\AndroidManifest.xml:47:59-83
90            android:screenOrientation="portrait" />
90-->src\main\AndroidManifest.xml:47:84-120
91        <activity
91-->src\main\AndroidManifest.xml:48:9-123
92            android:name="rbx.rbxcalculator.calctool.app.robox.ExitScreen"
92-->src\main\AndroidManifest.xml:48:19-45
93            android:exported="false"
93-->src\main\AndroidManifest.xml:48:59-83
94            android:screenOrientation="portrait" />
94-->src\main\AndroidManifest.xml:48:84-120
95
96        <!-- Calculators -->
97        <activity
97-->src\main\AndroidManifest.xml:51:9-127
98            android:name="rbx.rbxcalculator.calctool.app.robox.allcalc.RbxToUsdActivity"
98-->src\main\AndroidManifest.xml:51:19-59
99            android:exported="false"
99-->src\main\AndroidManifest.xml:51:63-87
100            android:screenOrientation="portrait" />
100-->src\main\AndroidManifest.xml:51:88-124
101        <activity
101-->src\main\AndroidManifest.xml:52:9-127
102            android:name="rbx.rbxcalculator.calctool.app.robox.allcalc.UsdToRbxActivity"
102-->src\main\AndroidManifest.xml:52:19-59
103            android:exported="false"
103-->src\main\AndroidManifest.xml:52:63-87
104            android:screenOrientation="portrait" />
104-->src\main\AndroidManifest.xml:52:88-124
105        <activity
105-->src\main\AndroidManifest.xml:53:9-127
106            android:name="rbx.rbxcalculator.calctool.app.robox.allcalc.RbxToDollarActivity"
106-->src\main\AndroidManifest.xml:53:19-62
107            android:exported="false"
107-->src\main\AndroidManifest.xml:53:63-87
108            android:screenOrientation="portrait" />
108-->src\main\AndroidManifest.xml:53:88-124
109        <activity
109-->src\main\AndroidManifest.xml:54:9-127
110            android:name="rbx.rbxcalculator.calctool.app.robox.allcalc.DollarToRbxActivity"
110-->src\main\AndroidManifest.xml:54:19-62
111            android:exported="false"
111-->src\main\AndroidManifest.xml:54:63-87
112            android:screenOrientation="portrait" />
112-->src\main\AndroidManifest.xml:54:88-124
113
114        <!-- Membership -->
115        <activity
115-->src\main\AndroidManifest.xml:57:9-131
116            android:name="rbx.rbxcalculator.calctool.app.robox.membership.MembershipCalculator"
116-->src\main\AndroidManifest.xml:57:19-66
117            android:exported="false"
117-->src\main\AndroidManifest.xml:57:67-91
118            android:screenOrientation="portrait" />
118-->src\main\AndroidManifest.xml:57:92-128
119        <activity
119-->src\main\AndroidManifest.xml:58:9-131
120            android:name="rbx.rbxcalculator.calctool.app.robox.membership.BcToRbxActivity"
120-->src\main\AndroidManifest.xml:58:19-61
121            android:exported="false"
121-->src\main\AndroidManifest.xml:58:67-91
122            android:screenOrientation="portrait" />
122-->src\main\AndroidManifest.xml:58:92-128
123        <activity
123-->src\main\AndroidManifest.xml:59:9-131
124            android:name="rbx.rbxcalculator.calctool.app.robox.membership.ObcToRbxActivity"
124-->src\main\AndroidManifest.xml:59:19-62
125            android:exported="false"
125-->src\main\AndroidManifest.xml:59:67-91
126            android:screenOrientation="portrait" />
126-->src\main\AndroidManifest.xml:59:92-128
127        <activity
127-->src\main\AndroidManifest.xml:60:9-131
128            android:name="rbx.rbxcalculator.calctool.app.robox.membership.TbcToUsdActivity"
128-->src\main\AndroidManifest.xml:60:19-62
129            android:exported="false"
129-->src\main\AndroidManifest.xml:60:67-91
130            android:screenOrientation="portrait" />
130-->src\main\AndroidManifest.xml:60:92-128
131
132        <!-- Games & Features -->
133        <activity
133-->src\main\AndroidManifest.xml:63:9-129
134            android:name="rbx.rbxcalculator.calctool.app.robox.tips.TipsActivity"
134-->src\main\AndroidManifest.xml:63:19-52
135            android:exported="false"
135-->src\main\AndroidManifest.xml:63:65-89
136            android:screenOrientation="portrait" />
136-->src\main\AndroidManifest.xml:63:90-126
137        <activity
137-->src\main\AndroidManifest.xml:64:9-130
138            android:name="rbx.rbxcalculator.calctool.app.robox.tips.TipsDetailsActivity"
138-->src\main\AndroidManifest.xml:64:19-59
139            android:exported="false"
139-->src\main\AndroidManifest.xml:64:66-90
140            android:screenOrientation="portrait" />
140-->src\main\AndroidManifest.xml:64:91-127
141        <activity
141-->src\main\AndroidManifest.xml:65:9-130
142            android:name="rbx.rbxcalculator.calctool.app.robox.spin.SpinWheelActivity"
142-->src\main\AndroidManifest.xml:65:19-57
143            android:exported="false"
143-->src\main\AndroidManifest.xml:65:66-90
144            android:screenOrientation="portrait" />
144-->src\main\AndroidManifest.xml:65:91-127
145        <activity
145-->src\main\AndroidManifest.xml:66:9-130
146            android:name="rbx.rbxcalculator.calctool.app.robox.quiz.QuizTimeActivity"
146-->src\main\AndroidManifest.xml:66:19-56
147            android:exported="false"
147-->src\main\AndroidManifest.xml:66:66-90
148            android:screenOrientation="portrait" />
148-->src\main\AndroidManifest.xml:66:91-127
149        <activity
149-->src\main\AndroidManifest.xml:67:9-131
150            android:name="rbx.rbxcalculator.calctool.app.robox.scratchcard.ScratchcardActivity"
150-->src\main\AndroidManifest.xml:67:19-66
151            android:exported="false"
151-->src\main\AndroidManifest.xml:67:67-91
152            android:screenOrientation="portrait" />
152-->src\main\AndroidManifest.xml:67:92-128
153        <activity
153-->src\main\AndroidManifest.xml:68:9-130
154            android:name="rbx.rbxcalculator.calctool.app.robox.meme.MemeActivity"
154-->src\main\AndroidManifest.xml:68:19-52
155            android:exported="false"
155-->src\main\AndroidManifest.xml:68:66-90
156            android:screenOrientation="portrait" />
156-->src\main\AndroidManifest.xml:68:91-127
157
158        <!-- Post-call ad -->
159        <activity
159-->src\main\AndroidManifest.xml:71:9-77:49
160            android:name="rbx.rbxcalculator.calctool.app.robox.postcall.ActivityPostCallForAd"
160-->src\main\AndroidManifest.xml:72:13-59
161            android:excludeFromRecents="true"
161-->src\main\AndroidManifest.xml:76:13-46
162            android:exported="false"
162-->src\main\AndroidManifest.xml:73:13-37
163            android:finishOnTaskLaunch="true"
163-->src\main\AndroidManifest.xml:77:13-46
164            android:launchMode="singleTask"
164-->src\main\AndroidManifest.xml:75:13-44
165            android:screenOrientation="portrait" />
165-->src\main\AndroidManifest.xml:74:13-49
166
167        <receiver
167-->src\main\AndroidManifest.xml:79:9-85:20
168            android:name="rbx.rbxcalculator.calctool.app.robox.postcall.CallStateReceiver"
168-->src\main\AndroidManifest.xml:80:13-55
169            android:exported="true" >
169-->src\main\AndroidManifest.xml:81:13-36
170            <intent-filter>
170-->src\main\AndroidManifest.xml:82:13-84:29
171                <action android:name="android.intent.action.PHONE_STATE" />
171-->src\main\AndroidManifest.xml:83:17-76
171-->src\main\AndroidManifest.xml:83:25-73
172            </intent-filter>
173        </receiver>
174
175        <!-- AdMob -->
176        <meta-data
176-->src\main\AndroidManifest.xml:88:9-90:70
177            android:name="com.google.android.gms.ads.APPLICATION_ID"
177-->src\main\AndroidManifest.xml:89:13-69
178            android:value="ca-app-pub-3940256099942544~3347511713" />
178-->src\main\AndroidManifest.xml:90:13-67
179
180        <property
180-->src\main\AndroidManifest.xml:92:9-95:48
181            android:name="android.adservices.AD_SERVICES_CONFIG"
181-->src\main\AndroidManifest.xml:93:13-65
182            android:resource="@xml/gma_ad_services_config" />
182-->src\main\AndroidManifest.xml:94:13-59
183
184        <!-- Firebase Cloud Messaging -->
185        <service
185-->src\main\AndroidManifest.xml:98:9-104:19
186            android:name="rbx.rbxcalculator.calctool.app.robox.helpers.RbxFirebaseMessagingService"
186-->src\main\AndroidManifest.xml:99:13-64
187            android:exported="false" >
187-->src\main\AndroidManifest.xml:100:13-37
188            <intent-filter>
188-->src\main\AndroidManifest.xml:101:13-103:29
189                <action android:name="com.google.firebase.MESSAGING_EVENT" />
189-->src\main\AndroidManifest.xml:102:17-78
189-->src\main\AndroidManifest.xml:102:25-75
190            </intent-filter>
191        </service>
192
193        <!-- Firebase -->
194        <service
194-->src\main\AndroidManifest.xml:107:9-114:19
195            android:name="com.google.firebase.components.ComponentDiscoveryService"
195-->src\main\AndroidManifest.xml:108:13-84
196            android:directBootAware="true"
196-->src\main\AndroidManifest.xml:110:13-43
197            android:exported="false" >
197-->src\main\AndroidManifest.xml:109:13-37
198            <meta-data
198-->src\main\AndroidManifest.xml:111:13-113:85
199                android:name="com.google.firebase.components:com.google.firebase.analytics.connector.internal.AnalyticsConnectorRegistrar"
199-->src\main\AndroidManifest.xml:112:17-139
200                android:value="com.google.firebase.components.ComponentRegistrar" />
200-->src\main\AndroidManifest.xml:113:17-82
201            <meta-data
201-->[com.google.firebase:firebase-messaging:24.0.2] AndroidManifest.xml:57:13-59:85
202                android:name="com.google.firebase.components:com.google.firebase.messaging.FirebaseMessagingKtxRegistrar"
202-->[com.google.firebase:firebase-messaging:24.0.2] AndroidManifest.xml:58:17-122
203                android:value="com.google.firebase.components.ComponentRegistrar" />
203-->[com.google.firebase:firebase-messaging:24.0.2] AndroidManifest.xml:59:17-82
204            <meta-data
204-->[com.google.firebase:firebase-messaging:24.0.2] AndroidManifest.xml:60:13-62:85
205                android:name="com.google.firebase.components:com.google.firebase.messaging.FirebaseMessagingRegistrar"
205-->[com.google.firebase:firebase-messaging:24.0.2] AndroidManifest.xml:61:17-119
206                android:value="com.google.firebase.components.ComponentRegistrar" />
206-->[com.google.firebase:firebase-messaging:24.0.2] AndroidManifest.xml:62:17-82
207            <meta-data
207-->[com.google.firebase:firebase-installations:18.0.0] AndroidManifest.xml:15:13-17:85
208                android:name="com.google.firebase.components:com.google.firebase.installations.FirebaseInstallationsKtxRegistrar"
208-->[com.google.firebase:firebase-installations:18.0.0] AndroidManifest.xml:16:17-130
209                android:value="com.google.firebase.components.ComponentRegistrar" />
209-->[com.google.firebase:firebase-installations:18.0.0] AndroidManifest.xml:17:17-82
210            <meta-data
210-->[com.google.firebase:firebase-installations:18.0.0] AndroidManifest.xml:18:13-20:85
211                android:name="com.google.firebase.components:com.google.firebase.installations.FirebaseInstallationsRegistrar"
211-->[com.google.firebase:firebase-installations:18.0.0] AndroidManifest.xml:19:17-127
212                android:value="com.google.firebase.components.ComponentRegistrar" />
212-->[com.google.firebase:firebase-installations:18.0.0] AndroidManifest.xml:20:17-82
213            <meta-data
213-->[com.google.firebase:firebase-common-ktx:21.0.0] AndroidManifest.xml:12:13-14:85
214                android:name="com.google.firebase.components:com.google.firebase.ktx.FirebaseCommonLegacyRegistrar"
214-->[com.google.firebase:firebase-common-ktx:21.0.0] AndroidManifest.xml:13:17-116
215                android:value="com.google.firebase.components.ComponentRegistrar" />
215-->[com.google.firebase:firebase-common-ktx:21.0.0] AndroidManifest.xml:14:17-82
216            <meta-data
216-->[com.google.firebase:firebase-common:21.0.0] AndroidManifest.xml:35:13-37:85
217                android:name="com.google.firebase.components:com.google.firebase.FirebaseCommonKtxRegistrar"
217-->[com.google.firebase:firebase-common:21.0.0] AndroidManifest.xml:36:17-109
218                android:value="com.google.firebase.components.ComponentRegistrar" />
218-->[com.google.firebase:firebase-common:21.0.0] AndroidManifest.xml:37:17-82
219            <meta-data
219-->[com.google.firebase:firebase-datatransport:18.2.0] AndroidManifest.xml:25:13-27:85
220                android:name="com.google.firebase.components:com.google.firebase.datatransport.TransportRegistrar"
220-->[com.google.firebase:firebase-datatransport:18.2.0] AndroidManifest.xml:26:17-115
221                android:value="com.google.firebase.components.ComponentRegistrar" />
221-->[com.google.firebase:firebase-datatransport:18.2.0] AndroidManifest.xml:27:17-82
222        </service>
223
224        <provider
224-->[androidx.emoji2:emoji2:1.3.0] AndroidManifest.xml:24:9-32:20
225            android:name="androidx.startup.InitializationProvider"
225-->[androidx.emoji2:emoji2:1.3.0] AndroidManifest.xml:25:13-67
226            android:authorities="rbx.rbxcalculator.calctool.app.robox.androidx-startup"
226-->[androidx.emoji2:emoji2:1.3.0] AndroidManifest.xml:26:13-68
227            android:exported="false" >
227-->[androidx.emoji2:emoji2:1.3.0] AndroidManifest.xml:27:13-37
228            <meta-data
228-->[androidx.emoji2:emoji2:1.3.0] AndroidManifest.xml:29:13-31:52
229                android:name="androidx.emoji2.text.EmojiCompatInitializer"
229-->[androidx.emoji2:emoji2:1.3.0] AndroidManifest.xml:30:17-75
230                android:value="androidx.startup" />
230-->[androidx.emoji2:emoji2:1.3.0] AndroidManifest.xml:31:17-49
231            <meta-data
231-->[androidx.work:work-runtime:2.7.0] AndroidManifest.xml:36:13-38:52
232                android:name="androidx.work.WorkManagerInitializer"
232-->[androidx.work:work-runtime:2.7.0] AndroidManifest.xml:37:17-68
233                android:value="androidx.startup" />
233-->[androidx.work:work-runtime:2.7.0] AndroidManifest.xml:38:17-49
234            <meta-data
234-->[androidx.lifecycle:lifecycle-process:2.8.6] AndroidManifest.xml:29:13-31:52
235                android:name="androidx.lifecycle.ProcessLifecycleInitializer"
235-->[androidx.lifecycle:lifecycle-process:2.8.6] AndroidManifest.xml:30:17-78
236                android:value="androidx.startup" />
236-->[androidx.lifecycle:lifecycle-process:2.8.6] AndroidManifest.xml:31:17-49
237            <meta-data
237-->[androidx.profileinstaller:profileinstaller:1.3.1] AndroidManifest.xml:29:13-31:52
238                android:name="androidx.profileinstaller.ProfileInstallerInitializer"
238-->[androidx.profileinstaller:profileinstaller:1.3.1] AndroidManifest.xml:30:17-85
239                android:value="androidx.startup" />
239-->[androidx.profileinstaller:profileinstaller:1.3.1] AndroidManifest.xml:31:17-49
240        </provider>
241
242        <receiver
242-->[com.google.firebase:firebase-messaging:24.0.2] AndroidManifest.xml:29:9-40:20
243            android:name="com.google.firebase.iid.FirebaseInstanceIdReceiver"
243-->[com.google.firebase:firebase-messaging:24.0.2] AndroidManifest.xml:30:13-78
244            android:exported="true"
244-->[com.google.firebase:firebase-messaging:24.0.2] AndroidManifest.xml:31:13-36
245            android:permission="com.google.android.c2dm.permission.SEND" >
245-->[com.google.firebase:firebase-messaging:24.0.2] AndroidManifest.xml:32:13-73
246            <intent-filter>
246-->[com.google.firebase:firebase-messaging:24.0.2] AndroidManifest.xml:33:13-35:29
247                <action android:name="com.google.android.c2dm.intent.RECEIVE" />
247-->[com.google.firebase:firebase-messaging:24.0.2] AndroidManifest.xml:34:17-81
247-->[com.google.firebase:firebase-messaging:24.0.2] AndroidManifest.xml:34:25-78
248            </intent-filter>
249
250            <meta-data
250-->[com.google.firebase:firebase-messaging:24.0.2] AndroidManifest.xml:37:13-39:40
251                android:name="com.google.android.gms.cloudmessaging.FINISHED_AFTER_HANDLED"
251-->[com.google.firebase:firebase-messaging:24.0.2] AndroidManifest.xml:38:17-92
252                android:value="true" />
252-->[com.google.firebase:firebase-messaging:24.0.2] AndroidManifest.xml:39:17-37
253        </receiver>
254        <!--
255             FirebaseMessagingService performs security checks at runtime,
256             but set to not exported to explicitly avoid allowing another app to call it.
257        -->
258        <service
258-->[com.google.firebase:firebase-messaging:24.0.2] AndroidManifest.xml:46:9-53:19
259            android:name="com.google.firebase.messaging.FirebaseMessagingService"
259-->[com.google.firebase:firebase-messaging:24.0.2] AndroidManifest.xml:47:13-82
260            android:directBootAware="true"
260-->[com.google.firebase:firebase-messaging:24.0.2] AndroidManifest.xml:48:13-43
261            android:exported="false" >
261-->[com.google.firebase:firebase-messaging:24.0.2] AndroidManifest.xml:49:13-37
262            <intent-filter android:priority="-500" >
262-->src\main\AndroidManifest.xml:101:13-103:29
263                <action android:name="com.google.firebase.MESSAGING_EVENT" />
263-->src\main\AndroidManifest.xml:102:17-78
263-->src\main\AndroidManifest.xml:102:25-75
264            </intent-filter>
265        </service> <!-- Include the AdActivity and InAppPurchaseActivity configChanges and themes. -->
266        <activity
266-->[com.google.android.gms:play-services-ads-lite:23.3.0] AndroidManifest.xml:56:9-61:43
267            android:name="com.google.android.gms.ads.AdActivity"
267-->[com.google.android.gms:play-services-ads-lite:23.3.0] AndroidManifest.xml:57:13-65
268            android:configChanges="keyboard|keyboardHidden|orientation|screenLayout|uiMode|screenSize|smallestScreenSize"
268-->[com.google.android.gms:play-services-ads-lite:23.3.0] AndroidManifest.xml:58:13-122
269            android:exported="false"
269-->[com.google.android.gms:play-services-ads-lite:23.3.0] AndroidManifest.xml:59:13-37
270            android:theme="@android:style/Theme.Translucent" />
270-->[com.google.android.gms:play-services-ads-lite:23.3.0] AndroidManifest.xml:60:13-61
271
272        <provider
272-->[com.google.android.gms:play-services-ads-lite:23.3.0] AndroidManifest.xml:63:9-68:43
273            android:name="com.google.android.gms.ads.MobileAdsInitProvider"
273-->[com.google.android.gms:play-services-ads-lite:23.3.0] AndroidManifest.xml:64:13-76
274            android:authorities="rbx.rbxcalculator.calctool.app.robox.mobileadsinitprovider"
274-->[com.google.android.gms:play-services-ads-lite:23.3.0] AndroidManifest.xml:65:13-73
275            android:exported="false"
275-->[com.google.android.gms:play-services-ads-lite:23.3.0] AndroidManifest.xml:66:13-37
276            android:initOrder="100" />
276-->[com.google.android.gms:play-services-ads-lite:23.3.0] AndroidManifest.xml:67:13-36
277
278        <service
278-->[com.google.android.gms:play-services-ads-lite:23.3.0] AndroidManifest.xml:70:9-74:43
279            android:name="com.google.android.gms.ads.AdService"
279-->[com.google.android.gms:play-services-ads-lite:23.3.0] AndroidManifest.xml:71:13-64
280            android:enabled="true"
280-->[com.google.android.gms:play-services-ads-lite:23.3.0] AndroidManifest.xml:72:13-35
281            android:exported="false" />
281-->[com.google.android.gms:play-services-ads-lite:23.3.0] AndroidManifest.xml:73:13-37
282
283        <activity
283-->[com.google.android.gms:play-services-ads-lite:23.3.0] AndroidManifest.xml:76:9-80:43
284            android:name="com.google.android.gms.ads.OutOfContextTestingActivity"
284-->[com.google.android.gms:play-services-ads-lite:23.3.0] AndroidManifest.xml:77:13-82
285            android:configChanges="keyboard|keyboardHidden|orientation|screenLayout|uiMode|screenSize|smallestScreenSize"
285-->[com.google.android.gms:play-services-ads-lite:23.3.0] AndroidManifest.xml:78:13-122
286            android:exported="false" />
286-->[com.google.android.gms:play-services-ads-lite:23.3.0] AndroidManifest.xml:79:13-37
287        <activity
287-->[com.google.android.gms:play-services-ads-lite:23.3.0] AndroidManifest.xml:81:9-88:43
288            android:name="com.google.android.gms.ads.NotificationHandlerActivity"
288-->[com.google.android.gms:play-services-ads-lite:23.3.0] AndroidManifest.xml:82:13-82
289            android:excludeFromRecents="true"
289-->[com.google.android.gms:play-services-ads-lite:23.3.0] AndroidManifest.xml:83:13-46
290            android:exported="false"
290-->[com.google.android.gms:play-services-ads-lite:23.3.0] AndroidManifest.xml:84:13-37
291            android:launchMode="singleTask"
291-->[com.google.android.gms:play-services-ads-lite:23.3.0] AndroidManifest.xml:85:13-44
292            android:taskAffinity=""
292-->[com.google.android.gms:play-services-ads-lite:23.3.0] AndroidManifest.xml:86:13-36
293            android:theme="@android:style/Theme.Translucent.NoTitleBar" />
293-->[com.google.android.gms:play-services-ads-lite:23.3.0] AndroidManifest.xml:87:13-72
294
295        <receiver
295-->[com.google.android.gms:play-services-measurement:22.1.2] AndroidManifest.xml:29:9-33:20
296            android:name="com.google.android.gms.measurement.AppMeasurementReceiver"
296-->[com.google.android.gms:play-services-measurement:22.1.2] AndroidManifest.xml:30:13-85
297            android:enabled="true"
297-->[com.google.android.gms:play-services-measurement:22.1.2] AndroidManifest.xml:31:13-35
298            android:exported="false" >
298-->[com.google.android.gms:play-services-measurement:22.1.2] AndroidManifest.xml:32:13-37